{"C:\\Users\\nnalla001\\STLogs\\singleStone_Nikhith_Nalla\\app\\datasource\\index.ts": {"path":"C:\\Users\\nnalla001\\STLogs\\singleStone_Nikhith_Nalla\\app\\datasource\\index.ts","statementMap":{"0":{"start":{"line":1,"column":0},"end":{"line":1,"column":31}},"1":{"start":{"line":2,"column":9},"end":{"line":2,"column":13}},"2":{"start":{"line":23,"column":37},"end":{"line":23,"column":39}},"3":{"start":{"line":5,"column":0},"end":{"line":9,"column":null}},"4":{"start":{"line":6,"column":4},"end":{"line":6,"column":26}},"5":{"start":{"line":8,"column":4},"end":{"line":8,"column":12}},"6":{"start":{"line":23,"column":8},"end":{"line":23,"column":20}},"7":{"start":{"line":13,"column":4},"end":{"line":15,"column":null}},"8":{"start":{"line":14,"column":8},"end":{"line":14,"column":18}},"9":{"start":{"line":16,"column":4},"end":{"line":18,"column":null}},"10":{"start":{"line":17,"column":8},"end":{"line":17,"column":50}},"11":{"start":{"line":19,"column":4},"end":{"line":19,"column":31}},"12":{"start":{"line":20,"column":4},"end":{"line":20,"column":21}},"13":{"start":{"line":23,"column":22},"end":{"line":23,"column":35}}},"fnMap":{"0":{"name":"initialiseDB","decl":{"start":{"line":4,"column":15},"end":{"line":4,"column":27}},"loc":{"start":{"line":4,"column":34},"end":{"line":10,"column":null}}},"1":{"name":"getDBInstance","decl":{"start":{"line":12,"column":15},"end":{"line":12,"column":28}},"loc":{"start":{"line":12,"column":47},"end":{"line":21,"column":null}}}},"branchMap":{"0":{"loc":{"start":{"line":12,"column":37},"end":{"line":12,"column":38}},"type":"default-arg","locations":[{"start":{"line":12,"column":37},"end":{"line":12,"column":38}}]},"1":{"loc":{"start":{"line":13,"column":4},"end":{"line":15,"column":null}},"type":"if","locations":[{"start":{"line":13,"column":4},"end":{"line":15,"column":null}},{"start":{"line":13,"column":4},"end":{"line":15,"column":null}}]},"2":{"loc":{"start":{"line":16,"column":4},"end":{"line":18,"column":null}},"type":"if","locations":[{"start":{"line":16,"column":4},"end":{"line":18,"column":null}},{"start":{"line":16,"column":4},"end":{"line":18,"column":null}}]},"3":{"loc":{"start":{"line":16,"column":8},"end":{"line":16,"column":17}},"type":"binary-expr","locations":[{"start":{"line":16,"column":8},"end":{"line":16,"column":17}},{"start":{"line":16,"column":21},"end":{"line":16,"column":28}}]}},"s":{"0":2,"1":2,"2":2,"3":2,"4":2,"5":0,"6":2,"7":1,"8":1,"9":0,"10":0,"11":0,"12":0,"13":2},"f":{"0":2,"1":1},"b":{"0":[0],"1":[1,0],"2":[0,0],"3":[0,0]}}
,"C:\\Users\\nnalla001\\STLogs\\singleStone_Nikhith_Nalla\\app\\models\\nosql\\contact.model.ts": {"path":"C:\\Users\\nnalla001\\STLogs\\singleStone_Nikhith_Nalla\\app\\models\\nosql\\contact.model.ts","statementMap":{"0":{"start":{"line":1,"column":0},"end":{"line":1,"column":36}},"1":{"start":{"line":6,"column":4},"end":{"line":11,"column":null}},"2":{"start":{"line":7,"column":8},"end":{"line":7,"column":48}},"3":{"start":{"line":8,"column":8},"end":{"line":10,"column":11}},"4":{"start":{"line":9,"column":12},"end":{"line":9,"column":35}},"5":{"start":{"line":12,"column":4},"end":{"line":12,"column":21}},"6":{"start":{"line":16,"column":8},"end":{"line":16,"column":15}}},"fnMap":{"0":{"name":"contact","decl":{"start":{"line":5,"column":9},"end":{"line":5,"column":16}},"loc":{"start":{"line":5,"column":16},"end":{"line":13,"column":1}}},"1":{"name":"(anonymous_1)","decl":{"start":{"line":8,"column":31},"end":{"line":8,"column":41}},"loc":{"start":{"line":8,"column":46},"end":{"line":10,"column":9}}}},"branchMap":{"0":{"loc":{"start":{"line":6,"column":4},"end":{"line":11,"column":null}},"type":"if","locations":[{"start":{"line":6,"column":4},"end":{"line":11,"column":null}},{"start":{"line":6,"column":4},"end":{"line":11,"column":null}}]}},"s":{"0":1,"1":6,"2":1,"3":1,"4":1,"5":6,"6":1},"f":{"0":6,"1":1},"b":{"0":[1,5]}}
,"C:\\Users\\nnalla001\\STLogs\\singleStone_Nikhith_Nalla\\app\\services\\contactServices.ts": {"path":"C:\\Users\\nnalla001\\STLogs\\singleStone_Nikhith_Nalla\\app\\services\\contactServices.ts","statementMap":{"0":{"start":{"line":1,"column":0},"end":{"line":1,"column":54}},"1":{"start":{"line":4,"column":4},"end":{"line":13,"column":null}},"2":{"start":{"line":5,"column":8},"end":{"line":9,"column":null}},"3":{"start":{"line":6,"column":12},"end":{"line":6,"column":85}},"4":{"start":{"line":8,"column":12},"end":{"line":8,"column":45}},"5":{"start":{"line":10,"column":8},"end":{"line":10,"column":88}},"6":{"start":{"line":12,"column":8},"end":{"line":12,"column":18}},"7":{"start":{"line":66,"column":8},"end":{"line":66,"column":19}},"8":{"start":{"line":17,"column":4},"end":{"line":21,"column":null}},"9":{"start":{"line":18,"column":8},"end":{"line":18,"column":32}},"10":{"start":{"line":20,"column":8},"end":{"line":20,"column":18}},"11":{"start":{"line":66,"column":21},"end":{"line":66,"column":35}},"12":{"start":{"line":25,"column":4},"end":{"line":39,"column":null}},"13":{"start":{"line":26,"column":28},"end":{"line":26,"column":69}},"14":{"start":{"line":27,"column":8},"end":{"line":29,"column":null}},"15":{"start":{"line":28,"column":12},"end":{"line":28,"column":100}},"16":{"start":{"line":30,"column":8},"end":{"line":34,"column":null}},"17":{"start":{"line":31,"column":12},"end":{"line":33,"column":null}},"18":{"start":{"line":32,"column":16},"end":{"line":32,"column":55}},"19":{"start":{"line":35,"column":8},"end":{"line":35,"column":38}},"20":{"start":{"line":36,"column":8},"end":{"line":36,"column":75}},"21":{"start":{"line":38,"column":8},"end":{"line":38,"column":18}},"22":{"start":{"line":66,"column":64},"end":{"line":66,"column":77}},"23":{"start":{"line":43,"column":4},"end":{"line":50,"column":null}},"24":{"start":{"line":44,"column":25},"end":{"line":44,"column":77}},"25":{"start":{"line":44,"column":56},"end":{"line":44,"column":76}},"26":{"start":{"line":45,"column":8},"end":{"line":47,"column":null}},"27":{"start":{"line":46,"column":12},"end":{"line":46,"column":null}},"28":{"start":{"line":49,"column":8},"end":{"line":49,"column":18}},"29":{"start":{"line":66,"column":37},"end":{"line":66,"column":47}},"30":{"start":{"line":54,"column":4},"end":{"line":63,"column":null}},"31":{"start":{"line":55,"column":28},"end":{"line":55,"column":55}},"32":{"start":{"line":56,"column":8},"end":{"line":58,"column":null}},"33":{"start":{"line":57,"column":12},"end":{"line":57,"column":100}},"34":{"start":{"line":59,"column":8},"end":{"line":59,"column":38}},"35":{"start":{"line":60,"column":8},"end":{"line":60,"column":75}},"36":{"start":{"line":62,"column":8},"end":{"line":62,"column":16}},"37":{"start":{"line":66,"column":49},"end":{"line":66,"column":62}}},"fnMap":{"0":{"name":"saveContact","decl":{"start":{"line":3,"column":15},"end":{"line":3,"column":26}},"loc":{"start":{"line":3,"column":41},"end":{"line":14,"column":null}}},"1":{"name":"getAllContacts","decl":{"start":{"line":16,"column":15},"end":{"line":16,"column":29}},"loc":{"start":{"line":16,"column":29},"end":{"line":22,"column":null}}},"2":{"name":"updateContact","decl":{"start":{"line":24,"column":15},"end":{"line":24,"column":28}},"loc":{"start":{"line":24,"column":43},"end":{"line":40,"column":null}}},"3":{"name":"getContact","decl":{"start":{"line":42,"column":15},"end":{"line":42,"column":25}},"loc":{"start":{"line":42,"column":46},"end":{"line":51,"column":null}}},"4":{"name":"(anonymous_15)","decl":{"start":{"line":44,"column":47},"end":{"line":44,"column":48}},"loc":{"start":{"line":44,"column":56},"end":{"line":44,"column":76}}},"5":{"name":"deleteContact","decl":{"start":{"line":53,"column":15},"end":{"line":53,"column":28}},"loc":{"start":{"line":53,"column":38},"end":{"line":64,"column":null}}}},"branchMap":{"0":{"loc":{"start":{"line":5,"column":8},"end":{"line":9,"column":null}},"type":"if","locations":[{"start":{"line":5,"column":8},"end":{"line":9,"column":null}},{"start":{"line":5,"column":8},"end":{"line":9,"column":null}}]},"1":{"loc":{"start":{"line":27,"column":8},"end":{"line":29,"column":null}},"type":"if","locations":[{"start":{"line":27,"column":8},"end":{"line":29,"column":null}},{"start":{"line":27,"column":8},"end":{"line":29,"column":null}}]},"2":{"loc":{"start":{"line":31,"column":12},"end":{"line":33,"column":null}},"type":"if","locations":[{"start":{"line":31,"column":12},"end":{"line":33,"column":null}},{"start":{"line":31,"column":12},"end":{"line":33,"column":null}}]},"3":{"loc":{"start":{"line":31,"column":16},"end":{"line":31,"column":31}},"type":"binary-expr","locations":[{"start":{"line":31,"column":16},"end":{"line":31,"column":31}},{"start":{"line":31,"column":35},"end":{"line":31,"column":47}}]},"4":{"loc":{"start":{"line":42,"column":42},"end":{"line":42,"column":46}},"type":"default-arg","locations":[{"start":{"line":42,"column":42},"end":{"line":42,"column":46}}]},"5":{"loc":{"start":{"line":45,"column":8},"end":{"line":47,"column":null}},"type":"if","locations":[{"start":{"line":45,"column":8},"end":{"line":47,"column":null}},{"start":{"line":45,"column":8},"end":{"line":47,"column":null}}]},"6":{"loc":{"start":{"line":45,"column":12},"end":{"line":45,"column":20}},"type":"binary-expr","locations":[{"start":{"line":45,"column":12},"end":{"line":45,"column":20}},{"start":{"line":45,"column":24},"end":{"line":45,"column":39}}]},"7":{"loc":{"start":{"line":56,"column":8},"end":{"line":58,"column":null}},"type":"if","locations":[{"start":{"line":56,"column":8},"end":{"line":58,"column":null}},{"start":{"line":56,"column":8},"end":{"line":58,"column":null}}]}},"s":{"0":1,"1":1,"2":1,"3":0,"4":1,"5":1,"6":0,"7":1,"8":1,"9":1,"10":0,"11":1,"12":1,"13":1,"14":1,"15":0,"16":1,"17":7,"18":5,"19":1,"20":1,"21":0,"22":1,"23":2,"24":2,"25":2,"26":2,"27":2,"28":0,"29":1,"30":1,"31":1,"32":1,"33":0,"34":1,"35":1,"36":0,"37":1},"f":{"0":1,"1":1,"2":1,"3":2,"4":2,"5":1},"b":{"0":[0,1],"1":[0,1],"2":[5,2],"3":[7,6],"4":[1],"5":[2,0],"6":[2,2],"7":[0,1]}}
,"C:\\Users\\nnalla001\\STLogs\\singleStone_Nikhith_Nalla\\app\\tests\\mockData.mock.ts": {"path":"C:\\Users\\nnalla001\\STLogs\\singleStone_Nikhith_Nalla\\app\\tests\\mockData.mock.ts","statementMap":{"0":{"start":{"line":1,"column":13},"end":{"line":25,"column":null}},"1":{"start":{"line":27,"column":13},"end":{"line":58,"column":null}}},"fnMap":{},"branchMap":{},"s":{"0":1,"1":1},"f":{},"b":{}}
}
