TN:
SF:app\datasource\index.ts
FN:4,initialiseDB
FN:12,getDBInstance
FNF:2
FNH:2
FNDA:2,initialiseDB
FNDA:1,getDBInstance
DA:1,2
DA:2,2
DA:5,2
DA:6,2
DA:8,0
DA:13,1
DA:14,1
DA:16,0
DA:17,0
DA:19,0
DA:20,0
DA:23,2
LF:12
LH:7
BRDA:12,0,0,0
BRDA:13,1,0,1
BRDA:13,1,1,0
BRDA:16,2,0,0
BRDA:16,2,1,0
BRDA:16,3,0,0
BRDA:16,3,1,0
BRF:7
BRH:1
end_of_record
TN:
SF:app\models\nosql\contact.model.ts
FN:5,contact
FN:8,(anonymous_1)
FNF:2
FNH:2
FNDA:6,contact
FNDA:1,(anonymous_1)
DA:1,1
DA:6,6
DA:7,1
DA:8,1
DA:9,1
DA:12,6
DA:16,1
LF:7
LH:7
BRDA:6,0,0,1
BRDA:6,0,1,5
BRF:2
BRH:2
end_of_record
TN:
SF:app\services\contactServices.ts
FN:3,saveContact
FN:16,getAllContacts
FN:24,updateContact
FN:42,getContact
FN:44,(anonymous_15)
FN:53,deleteContact
FNF:6
FNH:6
FNDA:1,saveContact
FNDA:1,getAllContacts
FNDA:1,updateContact
FNDA:2,getContact
FNDA:2,(anonymous_15)
FNDA:1,deleteContact
DA:1,1
DA:4,1
DA:5,1
DA:6,0
DA:8,1
DA:10,1
DA:12,0
DA:17,1
DA:18,1
DA:20,0
DA:25,1
DA:26,1
DA:27,1
DA:28,0
DA:30,1
DA:31,7
DA:32,5
DA:35,1
DA:36,1
DA:38,0
DA:43,2
DA:44,2
DA:45,2
DA:46,2
DA:49,0
DA:54,1
DA:55,1
DA:56,1
DA:57,0
DA:59,1
DA:60,1
DA:62,0
DA:66,1
LF:33
LH:25
BRDA:5,0,0,0
BRDA:5,0,1,1
BRDA:27,1,0,0
BRDA:27,1,1,1
BRDA:31,2,0,5
BRDA:31,2,1,2
BRDA:31,3,0,7
BRDA:31,3,1,6
BRDA:42,4,0,1
BRDA:45,5,0,2
BRDA:45,5,1,0
BRDA:45,6,0,2
BRDA:45,6,1,2
BRDA:56,7,0,0
BRDA:56,7,1,1
BRF:15
BRH:11
end_of_record
TN:
SF:app\tests\mockData.mock.ts
FNF:0
FNH:0
DA:1,1
DA:27,1
LF:2
LH:2
BRF:0
BRH:0
end_of_record
